#
# There is insufficient memory for the Java Runtime Environment to continue.
# Native memory allocation (malloc) failed to allocate 32744 bytes for ChunkPool::allocate
# Possible reasons:
#   The system is out of physical RAM or swap space
#   The process is running with CompressedOops enabled, and the Java Heap may be blocking the growth of the native heap
# Possible solutions:
#   Reduce memory load on the system
#   Increase physical memory or swap space
#   Check if swap backing store is full
#   Decrease Java heap size (-Xmx/-Xms)
#   Decrease number of Java threads
Native frames: (J=compiled Java code, j=interpreted, Vv=VM code, C=native code)
V  [jvm.dll+0x6681ca]
V  [jvm.dll+0x7c9e69]
V  [jvm.dll+0x7cb61e]
V  [jvm.dll+0x7cbc73]
V  [jvm.dll+0x242c55]
V  [jvm.dll+0xae10f]
V  [jvm.dll+0xae45c]
V  [jvm.dll+0x5f428f]
V  [jvm.dll+0x5f442f]
V  [jvm.dll+0x5fa347]
V  [jvm.dll+0x5fb1da]
V  [jvm.dll+0x5f979c]
V  [jvm.dll+0x215b58]
V  [jvm.dll+0x215100]
V  [jvm.dll+0x1a1beb]
V  [jvm.dll+0x225158]
V  [jvm.dll+0x22319c]
V  [jvm.dll+0x77fa62]
V  [jvm.dll+0x7795aa]
V  [jvm.dll+0x667066]
C  [ucrtbase.dll+0x21bb2]
C  [KERNEL32.DLL+0x17034]
C  [ntdll.dll+0x52651]


---------------  P R O C E S S  ---------------

Threads class SMR info:
_java_thread_list=0x00000189d554bd90, length=18, elements={
0x00000189b13f8a10, 0x00000189d3df8240, 0x00000189d3df8d50, 0x00000189d3e08ed0,
0x00000189d3e0d800, 0x00000189d3e0e110, 0x00000189d3e0ea20, 0x00000189d3e1b740,
0x00000189d3e30e10, 0x00000189d3e33380, 0x00000189d4903a50, 0x00000189d4909ca0,
0x00000189d4af8040, 0x00000189d4af8560, 0x00000189d4b0f010, 0x00000189d4bfa0a0,
0x00000189d5564040, 0x00000189d55ab420
}

Java Threads: ( => current thread )
  0x00000189b13f8a10 JavaThread "main" [_thread_in_native, id=9264, stack(0x0000005ca3b00000,0x0000005ca3c00000)]
  0x00000189d3df8240 JavaThread "Reference Handler" daemon [_thread_blocked, id=23448, stack(0x0000005ca4200000,0x0000005ca4300000)]
  0x00000189d3df8d50 JavaThread "Finalizer" daemon [_thread_blocked, id=3376, stack(0x0000005ca4300000,0x0000005ca4400000)]
  0x00000189d3e08ed0 JavaThread "Signal Dispatcher" daemon [_thread_blocked, id=15032, stack(0x0000005ca4400000,0x0000005ca4500000)]
  0x00000189d3e0d800 JavaThread "Attach Listener" daemon [_thread_blocked, id=22092, stack(0x0000005ca4500000,0x0000005ca4600000)]
  0x00000189d3e0e110 JavaThread "Service Thread" daemon [_thread_blocked, id=15612, stack(0x0000005ca4600000,0x0000005ca4700000)]
  0x00000189d3e0ea20 JavaThread "Monitor Deflation Thread" daemon [_thread_blocked, id=11144, stack(0x0000005ca4700000,0x0000005ca4800000)]
=>0x00000189d3e1b740 JavaThread "C2 CompilerThread0" daemon [_thread_in_native, id=4800, stack(0x0000005ca4800000,0x0000005ca4900000)]
  0x00000189d3e30e10 JavaThread "C1 CompilerThread0" daemon [_thread_in_native, id=15932, stack(0x0000005ca4900000,0x0000005ca4a00000)]
  0x00000189d3e33380 JavaThread "Sweeper thread" daemon [_thread_blocked, id=8132, stack(0x0000005ca4a00000,0x0000005ca4b00000)]
  0x00000189d4903a50 JavaThread "Notification Thread" daemon [_thread_blocked, id=16620, stack(0x0000005ca4b00000,0x0000005ca4c00000)]
  0x00000189d4909ca0 JavaThread "Common-Cleaner" daemon [_thread_blocked, id=19952, stack(0x0000005ca4d00000,0x0000005ca4e00000)]
  0x00000189d4af8040 JavaThread "Java2D Disposer" daemon [_thread_blocked, id=15904, stack(0x0000005ca4e00000,0x0000005ca4f00000)]
  0x00000189d4af8560 JavaThread "AWT-Shutdown" [_thread_blocked, id=2976, stack(0x0000005ca4f00000,0x0000005ca5000000)]
  0x00000189d4b0f010 JavaThread "AWT-Windows" daemon [_thread_in_native, id=2112, stack(0x0000005ca5000000,0x0000005ca5100000)]
  0x00000189d4bfa0a0 JavaThread "AWT-EventQueue-0" [_thread_blocked, id=1952, stack(0x0000005ca5100000,0x0000005ca5200000)]
  0x00000189d5564040 JavaThread "TimerQueue" daemon [_thread_blocked, id=17936, stack(0x0000005ca5500000,0x0000005ca5600000)]
  0x00000189d55ab420 JavaThread "C2 CompilerThread1" daemon [_thread_in_native, id=7932, stack(0x0000005ca5600000,0x0000005ca5700000)]

Other Threads:
  0x00000189d3df3840 VMThread "VM Thread" [stack: 0x0000005ca4100000,0x0000005ca4200000] [id=9200]
  0x00000189d49059a0 WatcherThread [stack: 0x0000005ca4c00000,0x0000005ca4d00000] [id=13928]
  0x00000189b1449b30 GCTaskThread "GC Thread#0" [stack: 0x0000005ca3c00000,0x0000005ca3d00000] [id=17928]
  0x00000189b145be30 ConcurrentGCThread "G1 Main Marker" [stack: 0x0000005ca3d00000,0x0000005ca3e00000] [id=18724]
  0x00000189b145d7c0 ConcurrentGCThread "G1 Conc#0" [stack: 0x0000005ca3e00000,0x0000005ca3f00000] [id=2996]
  0x00000189b14d59e0 ConcurrentGCThread "G1 Refine#0" [stack: 0x0000005ca3f00000,0x0000005ca4000000] [id=18468]
  0x00000189d3cb24b0 ConcurrentGCThread "G1 Service" [stack: 0x0000005ca4000000,0x0000005ca4100000] [id=15332]

Threads with active compile tasks:
C2 CompilerThread0     2959 1069   !   4       sun.font.TrueTypeFont::getTableBuffer (199 bytes)
C1 CompilerThread0     2959 1106       3       java.lang.StringUTF16::newBytesFor (61 bytes)
C2 CompilerThread1     2959 1105   !   4       sun.nio.cs.UnicodeDecoder::decodeLoop (304 bytes)

VM state: not at safepoint (normal execution)

VM Mutex/Monitor currently owned by a thread: None

Heap address: 0x0000000705000000, size: 4016 MB, Compressed Oops mode: Zero based, Oop shift amount: 3

CDS archive(s) mapped at: [0x0000000800000000-0x0000000800bb0000-0x0000000800bb0000), size 12255232, SharedBaseAddress: 0x0000000800000000, ArchiveRelocationMode: 0.
Compressed class space mapped at: 0x0000000800c00000-0x0000000840c00000, reserved size: 1073741824
Narrow klass base: 0x0000000800000000, Narrow klass shift: 3, Narrow klass range: 0x100000000

GC Precious Log:
 CPUs: 8 total, 8 available
 Memory: 16061M
 Large Page Support: Disabled
 NUMA Support: Disabled
 Compressed Oops: Enabled (Zero based)
 Heap Region Size: 2M
 Heap Min Capacity: 8M
 Heap Initial Capacity: 252M
 Heap Max Capacity: 4016M
 Pre-touch: Disabled
 Parallel Workers: 8
 Concurrent Workers: 2
 Concurrent Refinement Workers: 8
 Periodic GC: Disabled

Heap:
 garbage-first heap   total 258048K, used 14336K [0x0000000705000000, 0x0000000800000000)
  region size 2048K, 8 young (16384K), 0 survivors (0K)
 Metaspace       used 8525K, committed 8704K, reserved 1056768K
  class space    used 964K, committed 1024K, reserved 1048576K

Heap Regions: E=young(eden), S=young(survivor), O=old, HS=humongous(starts), HC=humongous(continues), CS=collection set, F=free, OA=open archive, CA=closed archive, TAMS=top-at-mark-start (previous, next)
|   0|0x0000000705000000, 0x0000000705000000, 0x0000000705200000|  0%| F|  |TAMS 0x0000000705000000, 0x0000000705000000| Untracked 
|   1|0x0000000705200000, 0x0000000705200000, 0x0000000705400000|  0%| F|  |TAMS 0x0000000705200000, 0x0000000705200000| Untracked 
|   2|0x0000000705400000, 0x0000000705400000, 0x0000000705600000|  0%| F|  |TAMS 0x0000000705400000, 0x0000000705400000| Untracked 
|   3|0x0000000705600000, 0x0000000705600000, 0x0000000705800000|  0%| F|  |TAMS 0x0000000705600000, 0x0000000705600000| Untracked 
|   4|0x0000000705800000, 0x0000000705800000, 0x0000000705a00000|  0%| F|  |TAMS 0x0000000705800000, 0x0000000705800000| Untracked 
|   5|0x0000000705a00000, 0x0000000705a00000, 0x0000000705c00000|  0%| F|  |TAMS 0x0000000705a00000, 0x0000000705a00000| Untracked 
|   6|0x0000000705c00000, 0x0000000705c00000, 0x0000000705e00000|  0%| F|  |TAMS 0x0000000705c00000, 0x0000000705c00000| Untracked 
|   7|0x0000000705e00000, 0x0000000705e00000, 0x0000000706000000|  0%| F|  |TAMS 0x0000000705e00000, 0x0000000705e00000| Untracked 
|   8|0x0000000706000000, 0x0000000706000000, 0x0000000706200000|  0%| F|  |TAMS 0x0000000706000000, 0x0000000706000000| Untracked 
|   9|0x0000000706200000, 0x0000000706200000, 0x0000000706400000|  0%| F|  |TAMS 0x0000000706200000, 0x0000000706200000| Untracked 
|  10|0x0000000706400000, 0x0000000706400000, 0x0000000706600000|  0%| F|  |TAMS 0x0000000706400000, 0x0000000706400000| Untracked 
|  11|0x0000000706600000, 0x0000000706600000, 0x0000000706800000|  0%| F|  |TAMS 0x0000000706600000, 0x0000000706600000| Untracked 
|  12|0x0000000706800000, 0x0000000706800000, 0x0000000706a00000|  0%| F|  |TAMS 0x0000000706800000, 0x0000000706800000| Untracked 
|  13|0x0000000706a00000, 0x0000000706a00000, 0x0000000706c00000|  0%| F|  |TAMS 0x0000000706a00000, 0x0000000706a00000| Untracked 
|  14|0x0000000706c00000, 0x0000000706c00000, 0x0000000706e00000|  0%| F|  |TAMS 0x0000000706c00000, 0x0000000706c00000| Untracked 
|  15|0x0000000706e00000, 0x0000000706e00000, 0x0000000707000000|  0%| F|  |TAMS 0x0000000706e00000, 0x0000000706e00000| Untracked 
|  16|0x0000000707000000, 0x0000000707000000, 0x0000000707200000|  0%| F|  |TAMS 0x0000000707000000, 0x0000000707000000| Untracked 
|  17|0x0000000707200000, 0x0000000707200000, 0x0000000707400000|  0%| F|  |TAMS 0x0000000707200000, 0x0000000707200000| Untracked 
|  18|0x0000000707400000, 0x0000000707400000, 0x0000000707600000|  0%| F|  |TAMS 0x0000000707400000, 0x0000000707400000| Untracked 
|  19|0x0000000707600000, 0x0000000707600000, 0x0000000707800000|  0%| F|  |TAMS 0x0000000707600000, 0x0000000707600000| Untracked 
|  20|0x0000000707800000, 0x0000000707800000, 0x0000000707a00000|  0%| F|  |TAMS 0x0000000707800000, 0x0000000707800000| Untracked 
|  21|0x0000000707a00000, 0x0000000707a00000, 0x0000000707c00000|  0%| F|  |TAMS 0x0000000707a00000, 0x0000000707a00000| Untracked 
|  22|0x0000000707c00000, 0x0000000707c00000, 0x0000000707e00000|  0%| F|  |TAMS 0x0000000707c00000, 0x0000000707c00000| Untracked 
|  23|0x0000000707e00000, 0x0000000707e00000, 0x0000000708000000|  0%| F|  |TAMS 0x0000000707e00000, 0x0000000707e00000| Untracked 
|  24|0x0000000708000000, 0x0000000708000000, 0x0000000708200000|  0%| F|  |TAMS 0x0000000708000000, 0x0000000708000000| Untracked 
|  25|0x0000000708200000, 0x0000000708200000, 0x0000000708400000|  0%| F|  |TAMS 0x0000000708200000, 0x0000000708200000| Untracked 
|  26|0x0000000708400000, 0x0000000708400000, 0x0000000708600000|  0%| F|  |TAMS 0x0000000708400000, 0x0000000708400000| Untracked 
|  27|0x0000000708600000, 0x0000000708600000, 0x0000000708800000|  0%| F|  |TAMS 0x0000000708600000, 0x0000000708600000| Untracked 
|  28|0x0000000708800000, 0x0000000708800000, 0x0000000708a00000|  0%| F|  |TAMS 0x0000000708800000, 0x0000000708800000| Untracked 
|  29|0x0000000708a00000, 0x0000000708a00000, 0x0000000708c00000|  0%| F|  |TAMS 0x0000000708a00000, 0x0000000708a00000| Untracked 
|  30|0x0000000708c00000, 0x0000000708c00000, 0x0000000708e00000|  0%| F|  |TAMS 0x0000000708c00000, 0x0000000708c00000| Untracked 
|  31|0x0000000708e00000, 0x0000000708e00000, 0x0000000709000000|  0%| F|  |TAMS 0x0000000708e00000, 0x0000000708e00000| Untracked 
|  32|0x0000000709000000, 0x0000000709000000, 0x0000000709200000|  0%| F|  |TAMS 0x0000000709000000, 0x0000000709000000| Untracked 
|  33|0x0000000709200000, 0x0000000709200000, 0x0000000709400000|  0%| F|  |TAMS 0x0000000709200000, 0x0000000709200000| Untracked 
|  34|0x0000000709400000, 0x0000000709400000, 0x0000000709600000|  0%| F|  |TAMS 0x0000000709400000, 0x0000000709400000| Untracked 
|  35|0x0000000709600000, 0x0000000709600000, 0x0000000709800000|  0%| F|  |TAMS 0x0000000709600000, 0x0000000709600000| Untracked 
|  36|0x0000000709800000, 0x0000000709800000, 0x0000000709a00000|  0%| F|  |TAMS 0x0000000709800000, 0x0000000709800000| Untracked 
|  37|0x0000000709a00000, 0x0000000709a00000, 0x0000000709c00000|  0%| F|  |TAMS 0x0000000709a00000, 0x0000000709a00000| Untracked 
|  38|0x0000000709c00000, 0x0000000709c00000, 0x0000000709e00000|  0%| F|  |TAMS 0x0000000709c00000, 0x0000000709c00000| Untracked 
|  39|0x0000000709e00000, 0x0000000709e00000, 0x000000070a000000|  0%| F|  |TAMS 0x0000000709e00000, 0x0000000709e00000| Untracked 
|  40|0x000000070a000000, 0x000000070a000000, 0x000000070a200000|  0%| F|  |TAMS 0x000000070a000000, 0x000000070a000000| Untracked 
|  41|0x000000070a200000, 0x000000070a200000, 0x000000070a400000|  0%| F|  |TAMS 0x000000070a200000, 0x000000070a200000| Untracked 
|  42|0x000000070a400000, 0x000000070a400000, 0x000000070a600000|  0%| F|  |TAMS 0x000000070a400000, 0x000000070a400000| Untracked 
|  43|0x000000070a600000, 0x000000070a600000, 0x000000070a800000|  0%| F|  |TAMS 0x000000070a600000, 0x000000070a600000| Untracked 
|  44|0x000000070a800000, 0x000000070a800000, 0x000000070aa00000|  0%| F|  |TAMS 0x000000070a800000, 0x000000070a800000| Untracked 
|  45|0x000000070aa00000, 0x000000070aa00000, 0x000000070ac00000|  0%| F|  |TAMS 0x000000070aa00000, 0x000000070aa00000| Untracked 
|  46|0x000000070ac00000, 0x000000070ac00000, 0x000000070ae00000|  0%| F|  |TAMS 0x000000070ac00000, 0x000000070ac00000| Untracked 
|  47|0x000000070ae00000, 0x000000070ae00000, 0x000000070b000000|  0%| F|  |TAMS 0x000000070ae00000, 0x000000070ae00000| Untracked 
|  48|0x000000070b000000, 0x000000070b000000, 0x000000070b200000|  0%| F|  |TAMS 0x000000070b000000, 0x000000070b000000| Untracked 
|  49|0x000000070b200000, 0x000000070b200000, 0x000000070b400000|  0%| F|  |TAMS 0x000000070b200000, 0x000000070b200000| Untracked 
|  50|0x000000070b400000, 0x000000070b400000, 0x000000070b600000|  0%| F|  |TAMS 0x000000070b400000, 0x000000070b400000| Untracked 
|  51|0x000000070b600000, 0x000000070b600000, 0x000000070b800000|  0%| F|  |TAMS 0x000000070b600000, 0x000000070b600000| Untracked 
|  52|0x000000070b800000, 0x000000070b800000, 0x000000070ba00000|  0%| F|  |TAMS 0x000000070b800000, 0x000000070b800000| Untracked 
|  53|0x000000070ba00000, 0x000000070ba00000, 0x000000070bc00000|  0%| F|  |TAMS 0x000000070ba00000, 0x000000070ba00000| Untracked 
|  54|0x000000070bc00000, 0x000000070bc00000, 0x000000070be00000|  0%| F|  |TAMS 0x000000070bc00000, 0x000000070bc00000| Untracked 
|  55|0x000000070be00000, 0x000000070be00000, 0x000000070c000000|  0%| F|  |TAMS 0x000000070be00000, 0x000000070be00000| Untracked 
|  56|0x000000070c000000, 0x000000070c000000, 0x000000070c200000|  0%| F|  |TAMS 0x000000070c000000, 0x000000070c000000| Untracked 
|  57|0x000000070c200000, 0x000000070c200000, 0x000000070c400000|  0%| F|  |TAMS 0x000000070c200000, 0x000000070c200000| Untracked 
|  58|0x000000070c400000, 0x000000070c400000, 0x000000070c600000|  0%| F|  |TAMS 0x000000070c400000, 0x000000070c400000| Untracked 
|  59|0x000000070c600000, 0x000000070c600000, 0x000000070c800000|  0%| F|  |TAMS 0x000000070c600000, 0x000000070c600000| Untracked 
|  60|0x000000070c800000, 0x000000070c800000, 0x000000070ca00000|  0%| F|  |TAMS 0x000000070c800000, 0x000000070c800000| Untracked 
|  61|0x000000070ca00000, 0x000000070ca00000, 0x000000070cc00000|  0%| F|  |TAMS 0x000000070ca00000, 0x000000070ca00000| Untracked 
|  62|0x000000070cc00000, 0x000000070cc00000, 0x000000070ce00000|  0%| F|  |TAMS 0x000000070cc00000, 0x000000070cc00000| Untracked 
|  63|0x000000070ce00000, 0x000000070ce00000, 0x000000070d000000|  0%| F|  |TAMS 0x000000070ce00000, 0x000000070ce00000| Untracked 
|  64|0x000000070d000000, 0x000000070d000000, 0x000000070d200000|  0%| F|  |TAMS 0x000000070d000000, 0x000000070d000000| Untracked 
|  65|0x000000070d200000, 0x000000070d200000, 0x000000070d400000|  0%| F|  |TAMS 0x000000070d200000, 0x000000070d200000| Untracked 
|  66|0x000000070d400000, 0x000000070d400000, 0x000000070d600000|  0%| F|  |TAMS 0x000000070d400000, 0x000000070d400000| Untracked 
|  67|0x000000070d600000, 0x000000070d600000, 0x000000070d800000|  0%| F|  |TAMS 0x000000070d600000, 0x000000070d600000| Untracked 
|  68|0x000000070d800000, 0x000000070d800000, 0x000000070da00000|  0%| F|  |TAMS 0x000000070d800000, 0x000000070d800000| Untracked 
|  69|0x000000070da00000, 0x000000070da00000, 0x000000070dc00000|  0%| F|  |TAMS 0x000000070da00000, 0x000000070da00000| Untracked 
|  70|0x000000070dc00000, 0x000000070dc00000, 0x000000070de00000|  0%| F|  |TAMS 0x000000070dc00000, 0x000000070dc00000| Untracked 
|  71|0x000000070de00000, 0x000000070de00000, 0x000000070e000000|  0%| F|  |TAMS 0x000000070de00000, 0x000000070de00000| Untracked 
|  72|0x000000070e000000, 0x000000070e000000, 0x000000070e200000|  0%| F|  |TAMS 0x000000070e000000, 0x000000070e000000| Untracked 
|  73|0x000000070e200000, 0x000000070e200000, 0x000000070e400000|  0%| F|  |TAMS 0x000000070e200000, 0x000000070e200000| Untracked 
|  74|0x000000070e400000, 0x000000070e400000, 0x000000070e600000|  0%| F|  |TAMS 0x000000070e400000, 0x000000070e400000| Untracked 
|  75|0x000000070e600000, 0x000000070e600000, 0x000000070e800000|  0%| F|  |TAMS 0x000000070e600000, 0x000000070e600000| Untracked 
|  76|0x000000070e800000, 0x000000070e800000, 0x000000070ea00000|  0%| F|  |TAMS 0x000000070e800000, 0x000000070e800000| Untracked 
|  77|0x000000070ea00000, 0x000000070ea00000, 0x000000070ec00000|  0%| F|  |TAMS 0x000000070ea00000, 0x000000070ea00000| Untracked 
|  78|0x000000070ec00000, 0x000000070ec00000, 0x000000070ee00000|  0%| F|  |TAMS 0x000000070ec00000, 0x000000070ec00000| Untracked 
|  79|0x000000070ee00000, 0x000000070ee00000, 0x000000070f000000|  0%| F|  |TAMS 0x000000070ee00000, 0x000000070ee00000| Untracked 
|  80|0x000000070f000000, 0x000000070f000000, 0x000000070f200000|  0%| F|  |TAMS 0x000000070f000000, 0x000000070f000000| Untracked 
|  81|0x000000070f200000, 0x000000070f200000, 0x000000070f400000|  0%| F|  |TAMS 0x000000070f200000, 0x000000070f200000| Untracked 
|  82|0x000000070f400000, 0x000000070f400000, 0x000000070f600000|  0%| F|  |TAMS 0x000000070f400000, 0x000000070f400000| Untracked 
|  83|0x000000070f600000, 0x000000070f600000, 0x000000070f800000|  0%| F|  |TAMS 0x000000070f600000, 0x000000070f600000| Untracked 
|  84|0x000000070f800000, 0x000000070f800000, 0x000000070fa00000|  0%| F|  |TAMS 0x000000070f800000, 0x000000070f800000| Untracked 
|  85|0x000000070fa00000, 0x000000070fa00000, 0x000000070fc00000|  0%| F|  |TAMS 0x000000070fa00000, 0x000000070fa00000| Untracked 
|  86|0x000000070fc00000, 0x000000070fc00000, 0x000000070fe00000|  0%| F|  |TAMS 0x000000070fc00000, 0x000000070fc00000| Untracked 
|  87|0x000000070fe00000, 0x000000070fe00000, 0x0000000710000000|  0%| F|  |TAMS 0x000000070fe00000, 0x000000070fe00000| Untracked 
|  88|0x0000000710000000, 0x0000000710000000, 0x0000000710200000|  0%| F|  |TAMS 0x0000000710000000, 0x0000000710000000| Untracked 
|  89|0x0000000710200000, 0x0000000710200000, 0x0000000710400000|  0%| F|  |TAMS 0x0000000710200000, 0x0000000710200000| Untracked 
|  90|0x0000000710400000, 0x0000000710400000, 0x0000000710600000|  0%| F|  |TAMS 0x0000000710400000, 0x0000000710400000| Untracked 
|  91|0x0000000710600000, 0x0000000710600000, 0x0000000710800000|  0%| F|  |TAMS 0x0000000710600000, 0x0000000710600000| Untracked 
|  92|0x0000000710800000, 0x0000000710800000, 0x0000000710a00000|  0%| F|  |TAMS 0x0000000710800000, 0x0000000710800000| Untracked 
|  93|0x0000000710a00000, 0x0000000710a00000, 0x0000000710c00000|  0%| F|  |TAMS 0x0000000710a00000, 0x0000000710a00000| Untracked 
|  94|0x0000000710c00000, 0x0000000710c00000, 0x0000000710e00000|  0%| F|  |TAMS 0x0000000710c00000, 0x0000000710c00000| Untracked 
|  95|0x0000000710e00000, 0x0000000710e00000, 0x0000000711000000|  0%| F|  |TAMS 0x0000000710e00000, 0x0000000710e00000| Untracked 
|  96|0x0000000711000000, 0x0000000711000000, 0x0000000711200000|  0%| F|  |TAMS 0x0000000711000000, 0x0000000711000000| Untracked 
|  97|0x0000000711200000, 0x0000000711200000, 0x0000000711400000|  0%| F|  |TAMS 0x0000000711200000, 0x0000000711200000| Untracked 
|  98|0x0000000711400000, 0x0000000711400000, 0x0000000711600000|  0%| F|  |TAMS 0x0000000711400000, 0x0000000711400000| Untracked 
|  99|0x0000000711600000, 0x0000000711600000, 0x0000000711800000|  0%| F|  |TAMS 0x0000000711600000, 0x0000000711600000| Untracked 
| 100|0x0000000711800000, 0x0000000711800000, 0x0000000711a00000|  0%| F|  |TAMS 0x0000000711800000, 0x0000000711800000| Untracked 
| 101|0x0000000711a00000, 0x0000000711a00000, 0x0000000711c00000|  0%| F|  |TAMS 0x0000000711a00000, 0x0000000711a00000| Untracked 
| 102|0x0000000711c00000, 0x0000000711c00000, 0x0000000711e00000|  0%| F|  |TAMS 0x0000000711c00000, 0x0000000711c00000| Untracked 
| 103|0x0000000711e00000, 0x0000000711e00000, 0x0000000712000000|  0%| F|  |TAMS 0x0000000711e00000, 0x0000000711e00000| Untracked 
| 104|0x0000000712000000, 0x0000000712000000, 0x0000000712200000|  0%| F|  |TAMS 0x0000000712000000, 0x0000000712000000| Untracked 
| 105|0x0000000712200000, 0x0000000712200000, 0x0000000712400000|  0%| F|  |TAMS 0x0000000712200000, 0x0000000712200000| Untracked 
| 106|0x0000000712400000, 0x0000000712400000, 0x0000000712600000|  0%| F|  |TAMS 0x0000000712400000, 0x0000000712400000| Untracked 
| 107|0x0000000712600000, 0x0000000712600000, 0x0000000712800000|  0%| F|  |TAMS 0x0000000712600000, 0x0000000712600000| Untracked 
| 108|0x0000000712800000, 0x0000000712800000, 0x0000000712a00000|  0%| F|  |TAMS 0x0000000712800000, 0x0000000712800000| Untracked 
| 109|0x0000000712a00000, 0x0000000712a00000, 0x0000000712c00000|  0%| F|  |TAMS 0x0000000712a00000, 0x0000000712a00000| Untracked 
| 110|0x0000000712c00000, 0x0000000712c00000, 0x0000000712e00000|  0%| F|  |TAMS 0x0000000712c00000, 0x0000000712c00000| Untracked 
| 111|0x0000000712e00000, 0x0000000712e00000, 0x0000000713000000|  0%| F|  |TAMS 0x0000000712e00000, 0x0000000712e00000| Untracked 
| 112|0x0000000713000000, 0x0000000713000000, 0x0000000713200000|  0%| F|  |TAMS 0x0000000713000000, 0x0000000713000000| Untracked 
| 113|0x0000000713200000, 0x0000000713200000, 0x0000000713400000|  0%| F|  |TAMS 0x0000000713200000, 0x0000000713200000| Untracked 
| 114|0x0000000713400000, 0x0000000713400000, 0x0000000713600000|  0%| F|  |TAMS 0x0000000713400000, 0x0000000713400000| Untracked 
| 115|0x0000000713600000, 0x0000000713600000, 0x0000000713800000|  0%| F|  |TAMS 0x0000000713600000, 0x0000000713600000| Untracked 
| 116|0x0000000713800000, 0x0000000713800000, 0x0000000713a00000|  0%| F|  |TAMS 0x0000000713800000, 0x0000000713800000| Untracked 
| 117|0x0000000713a00000, 0x0000000713a72740, 0x0000000713c00000| 22%| E|  |TAMS 0x0000000713a00000, 0x0000000713a00000| Complete 
| 118|0x0000000713c00000, 0x0000000713e00000, 0x0000000713e00000|100%| E|CS|TAMS 0x0000000713c00000, 0x0000000713c00000| Complete 
| 119|0x0000000713e00000, 0x0000000714000000, 0x0000000714000000|100%| E|CS|TAMS 0x0000000713e00000, 0x0000000713e00000| Complete 
| 120|0x0000000714000000, 0x0000000714200000, 0x0000000714200000|100%| E|CS|TAMS 0x0000000714000000, 0x0000000714000000| Complete 
| 121|0x0000000714200000, 0x0000000714400000, 0x0000000714400000|100%| E|CS|TAMS 0x0000000714200000, 0x0000000714200000| Complete 
| 122|0x0000000714400000, 0x0000000714600000, 0x0000000714600000|100%| E|CS|TAMS 0x0000000714400000, 0x0000000714400000| Complete 
| 123|0x0000000714600000, 0x0000000714800000, 0x0000000714800000|100%| E|CS|TAMS 0x0000000714600000, 0x0000000714600000| Complete 
| 124|0x0000000714800000, 0x0000000714a00000, 0x0000000714a00000|100%| E|CS|TAMS 0x0000000714800000, 0x0000000714800000| Complete 
| 125|0x0000000714a00000, 0x0000000714c00000, 0x0000000714c00000|100%| E|CS|TAMS 0x0000000714a00000, 0x0000000714a00000| Complete 

Card table byte_map: [0x00000189c8690000,0x00000189c8e70000] _byte_map_base: 0x00000189c4e68000

Marking Bits (Prev, Next): (CMBitMap*) 0x00000189b144a130, (CMBitMap*) 0x00000189b144a170
 Prev Bits: [0x00000189c9650000, 0x00000189cd510000)
 Next Bits: [0x00000189cd510000, 0x00000189d13d0000)

Polling page: 0x00000189b0be0000

Metaspace:

Usage:
  Non-class:      7.38 MB used.
      Class:    964.58 KB used.
       Both:      8.33 MB used.

Virtual space:
  Non-class space:        8.00 MB reserved,       7.50 MB ( 94%) committed,  1 nodes.
      Class space:        1.00 GB reserved,       1.00 MB ( <1%) committed,  1 nodes.
              Both:        1.01 GB reserved,       8.50 MB ( <1%) committed. 

Chunk freelists:
   Non-Class:  490.00 KB
       Class:  3.02 MB
        Both:  3.50 MB

MaxMetaspaceSize: 17179869184.00 GB
CompressedClassSpaceSize: 1.00 GB
 - commit_granule_bytes: 65536.
 - commit_granule_words: 8192.
 - virtual_space_node_default_size: 1048576.
 - enlarge_chunks_in_place: 1.
 - new_chunks_are_fully_committed: 0.
 - uncommit_free_chunks: 1.
 - use_allocation_guard: 0.
 - handle_deallocations: 1.


Internal statistics:

num_allocs_failed_limit: 0.
num_arena_births: 114.
num_arena_deaths: 0.
num_vsnodes_births: 2.
num_vsnodes_deaths: 0.
num_space_committed: 136.
num_space_uncommitted: 0.
num_chunks_returned_to_freelist: 0.
num_chunks_taken_from_freelist: 146.
num_chunk_merges: 0.
num_chunk_splits: 89.
num_chunks_enlarged: 46.
num_purges: 0.

CodeHeap 'non-profiled nmethods': size=120000Kb used=291Kb max_used=291Kb free=119708Kb
 bounds [0x00000189c0650000, 0x00000189c08c0000, 0x00000189c7b80000]
CodeHeap 'profiled nmethods': size=120000Kb used=1861Kb max_used=1861Kb free=118139Kb
 bounds [0x00000189b9120000, 0x00000189b9390000, 0x00000189c0650000]
CodeHeap 'non-nmethods': size=5760Kb used=1283Kb max_used=1300Kb free=4476Kb
 bounds [0x00000189b8b80000, 0x00000189b8df0000, 0x00000189b9120000]
 total_blobs=1698 nmethods=1102 adapters=509
 compilation: enabled
              stopped_count=0, restarted_count=0
 full_count=0

Compilation events (20 events):
Event: 2.941 Thread 0x00000189d3e30e10 1086       3       sun.nio.ch.IOStatus::normalize (12 bytes)
Event: 2.941 Thread 0x00000189d3e30e10 nmethod 1086 0x00000189b92ea010 code [0x00000189b92ea1c0, 0x00000189b92ea338]
Event: 2.941 Thread 0x00000189d3e30e10 1090       3       java.lang.StringUTF16::putChar (54 bytes)
Event: 2.941 Thread 0x00000189d3e30e10 nmethod 1090 0x00000189b92ea410 code [0x00000189b92ea5c0, 0x00000189b92ea718]
Event: 2.942 Thread 0x00000189d3e30e10 1092       3       java.util.HashMap::<init> (11 bytes)
Event: 2.942 Thread 0x00000189d3e30e10 nmethod 1092 0x00000189b92ea810 code [0x00000189b92ea9c0, 0x00000189b92eab98]
Event: 2.944 Thread 0x00000189d3e30e10 1093   !   3       sun.nio.cs.UnicodeDecoder::decodeLoop (304 bytes)
Event: 2.945 Thread 0x00000189d3e30e10 nmethod 1093 0x00000189b92eac90 code [0x00000189b92eb000, 0x00000189b92ecab8]
Event: 2.945 Thread 0x00000189d3e30e10 1094       3       sun.font.TrueTypeFont::initAllNames (182 bytes)
Event: 2.945 Thread 0x00000189d55ab420 1091       4       java.lang.StringUTF16::getChar (60 bytes)
Event: 2.946 Thread 0x00000189d3e30e10 nmethod 1094 0x00000189b92ed290 code [0x00000189b92ed560, 0x00000189b92ee618]
Event: 2.946 Thread 0x00000189d3e30e10 1097       3       java.util.HashMap::keysToArray (81 bytes)
Event: 2.946 Thread 0x00000189d55ab420 nmethod 1091 0x00000189c0697810 code [0x00000189c06979a0, 0x00000189c0697a78]
Event: 2.946 Thread 0x00000189d55ab420 1095       4       java.nio.Buffer::remaining (20 bytes)
Event: 2.946 Thread 0x00000189d3e30e10 nmethod 1097 0x00000189b92eeb90 code [0x00000189b92eed60, 0x00000189b92ef238]
Event: 2.946 Thread 0x00000189d55ab420 nmethod 1095 0x00000189c0697b90 code [0x00000189c0697d00, 0x00000189c0697d98]
Event: 2.946 Thread 0x00000189d55ab420 1096       4       sun.nio.cs.UnicodeDecoder::decode (24 bytes)
Event: 2.946 Thread 0x00000189d55ab420 nmethod 1096 0x00000189c0697e90 code [0x00000189c0698020, 0x00000189c06980d8]
Event: 2.946 Thread 0x00000189d55ab420 1070       4       java.nio.ByteBuffer::<init> (47 bytes)
Event: 2.946 Thread 0x00000189d3e30e10 1098       3       java.lang.StringUTF16::toBytes (34 bytes)

GC Heap History (0 events):
No events

Deoptimization events (20 events):
Event: 2.786 Thread 0x00000189d4bfa0a0 DEOPT PACKING pc=0x00000189c066e340 sp=0x0000005ca51fd970
Event: 2.786 Thread 0x00000189d4bfa0a0 DEOPT UNPACKING pc=0x00000189b8bcf92e sp=0x0000005ca51fd918 mode 2
Event: 2.836 Thread 0x00000189b13f8a10 DEOPT PACKING pc=0x00000189b91378e7 sp=0x0000005ca3bfcec0
Event: 2.836 Thread 0x00000189b13f8a10 DEOPT UNPACKING pc=0x00000189b8bce77e sp=0x0000005ca3bfc2e0 mode 0
Event: 2.842 Thread 0x00000189b13f8a10 Uncommon trap: trap_request=0xffffff45 fr.pc=0x00000189c068599c relative=0x000000000000045c
Event: 2.842 Thread 0x00000189b13f8a10 Uncommon trap: reason=unstable_if action=reinterpret pc=0x00000189c068599c method=java.lang.StringLatin1.toLowerCase(Ljava/lang/String;[BLjava/util/Locale;)Ljava/lang/String; @ 43 c2
Event: 2.842 Thread 0x00000189b13f8a10 DEOPT PACKING pc=0x00000189c068599c sp=0x0000005ca3bfd4c0
Event: 2.842 Thread 0x00000189b13f8a10 DEOPT UNPACKING pc=0x00000189b8bcf92e sp=0x0000005ca3bfd430 mode 2
Event: 2.849 Thread 0x00000189b13f8a10 DEOPT PACKING pc=0x00000189b926528a sp=0x0000005ca3bfd470
Event: 2.849 Thread 0x00000189b13f8a10 DEOPT UNPACKING pc=0x00000189b8bce77e sp=0x0000005ca3bfc8f8 mode 0
Event: 2.870 Thread 0x00000189b13f8a10 DEOPT PACKING pc=0x00000189b91353d1 sp=0x0000005ca3bfd180
Event: 2.870 Thread 0x00000189b13f8a10 DEOPT UNPACKING pc=0x00000189b8bce77e sp=0x0000005ca3bfc5f8 mode 0
Event: 2.939 Thread 0x00000189b13f8a10 Uncommon trap: trap_request=0xffffff45 fr.pc=0x00000189c065e530 relative=0x0000000000000210
Event: 2.939 Thread 0x00000189b13f8a10 Uncommon trap: reason=unstable_if action=reinterpret pc=0x00000189c065e530 method=java.lang.String.hashCode()I @ 20 c2
Event: 2.939 Thread 0x00000189b13f8a10 DEOPT PACKING pc=0x00000189c065e530 sp=0x0000005ca3bfd330
Event: 2.939 Thread 0x00000189b13f8a10 DEOPT UNPACKING pc=0x00000189b8bcf92e sp=0x0000005ca3bfd2c0 mode 2
Event: 2.944 Thread 0x00000189b13f8a10 Uncommon trap: trap_request=0xffffff45 fr.pc=0x00000189c0694200 relative=0x0000000000000440
Event: 2.944 Thread 0x00000189b13f8a10 Uncommon trap: reason=unstable_if action=reinterpret pc=0x00000189c0694200 method=java.lang.Character.isSurrogate(C)Z @ 3 c2
Event: 2.944 Thread 0x00000189b13f8a10 DEOPT PACKING pc=0x00000189c0694200 sp=0x0000005ca3bfcfa0
Event: 2.944 Thread 0x00000189b13f8a10 DEOPT UNPACKING pc=0x00000189b8bcf92e sp=0x0000005ca3bfceb8 mode 2

Classes unloaded (0 events):
No events

Classes redefined (0 events):
No events

Internal exceptions (14 events):
Event: 0.051 Thread 0x00000189b13f8a10 Exception <a 'java/lang/NoSuchMethodError'{0x0000000714b8d7a0}: 'void java.lang.invoke.DirectMethodHandle$Holder.invokeSpecial(java.lang.Object, java.lang.Object, java.lang.Object)'> (0x0000000714b8d7a0) 
thrown [t:\workspace\open\src\hotspot\share\interpreter\linkResolver.cpp, line 790]
Event: 0.062 Thread 0x00000189b13f8a10 Exception <a 'java/lang/ClassNotFoundException'{0x0000000714bae6c8}: sun/awt/resources/spi/awtProvider> (0x0000000714bae6c8) 
thrown [t:\workspace\open\src\hotspot\share\classfile\systemDictionary.cpp, line 256]
Event: 0.078 Thread 0x00000189b13f8a10 Exception <a 'java/io/FileNotFoundException'{0x0000000714808d68}> (0x0000000714808d68) 
thrown [t:\workspace\open\src\hotspot\share\prims\jni.cpp, line 579]
Event: 0.083 Thread 0x00000189b13f8a10 Exception <a 'java/io/FileNotFoundException'{0x0000000714837650}> (0x0000000714837650) 
thrown [t:\workspace\open\src\hotspot\share\prims\jni.cpp, line 579]
Event: 0.083 Thread 0x00000189b13f8a10 Exception <a 'java/lang/NoSuchMethodError'{0x0000000714838828}: 'java.lang.Object java.lang.invoke.DirectMethodHandle$Holder.invokeStatic(java.lang.Object)'> (0x0000000714838828) 
thrown [t:\workspace\open\src\hotspot\share\interpreter\linkResolver.cpp, line 790]
Event: 0.104 Thread 0x00000189b13f8a10 Exception <a 'java/lang/NoSuchMethodError'{0x0000000714894548}: 'java.lang.Object java.lang.invoke.DirectMethodHandle$Holder.invokeStaticInit(java.lang.Object)'> (0x0000000714894548) 
thrown [t:\workspace\open\src\hotspot\share\interpreter\linkResolver.cpp, line 790]
Event: 0.125 Thread 0x00000189b13f8a10 Exception <a 'java/lang/NoSuchMethodError'{0x0000000714956d30}: 'java.lang.Object java.lang.invoke.DirectMethodHandle$Holder.newInvokeSpecial(java.lang.Object, java.lang.Object, java.lang.Object, java.lang.Object, java.lang.Object)'> (0x0000000714956d30) 
thrown [t:\workspace\open\src\hotspot\share\interpreter\linkResolver.cpp, line 790]
Event: 0.126 Thread 0x00000189b13f8a10 Exception <a 'java/lang/NoSuchMethodError'{0x0000000714962908}: 'java.lang.Object java.lang.invoke.DirectMethodHandle$Holder.invokeStatic(java.lang.Object, int, java.lang.Object, java.lang.Object, java.lang.Object, java.lang.Object)'> (0x0000000714962908) 
thrown [t:\workspace\open\src\hotspot\share\interpreter\linkResolver.cpp, line 790]
Event: 0.128 Thread 0x00000189b13f8a10 Exception <a 'java/lang/NoSuchMethodError'{0x00000007149889d0}: 'java.lang.Object java.lang.invoke.DirectMethodHandle$Holder.invokeStatic(java.lang.Object, int, java.lang.Object)'> (0x00000007149889d0) 
thrown [t:\workspace\open\src\hotspot\share\interpreter\linkResolver.cpp, line 790]
Event: 0.142 Thread 0x00000189b13f8a10 Exception <a 'java/lang/ClassNotFoundException'{0x0000000714643c28}: com/sun/swing/internal/plaf/metal/resources/spi/metalProvider> (0x0000000714643c28) 
thrown [t:\workspace\open\src\hotspot\share\classfile\systemDictionary.cpp, line 256]
Event: 0.143 Thread 0x00000189b13f8a10 Exception <a 'java/lang/ClassNotFoundException'{0x0000000714647a58}: com/sun/swing/internal/plaf/basic/resources/spi/basicProvider> (0x0000000714647a58) 
thrown [t:\workspace\open\src\hotspot\share\classfile\systemDictionary.cpp, line 256]
Event: 0.200 Thread 0x00000189d4b0f010 Exception <a 'java/lang/NoSuchMethodError'{0x00000007148f14c0}: 'void java.lang.invoke.DirectMethodHandle$Holder.invokeVirtual(java.lang.Object, java.lang.Object)'> (0x00000007148f14c0) 
thrown [t:\workspace\open\src\hotspot\share\interpreter\linkResolver.cpp, line 790]
Event: 0.206 Thread 0x00000189b13f8a10 Exception <a 'java/lang/NoSuchMethodError'{0x000000071478c580}: 'void java.lang.invoke.DirectMethodHandle$Holder.invokeStaticInit(java.lang.Object)'> (0x000000071478c580) 
thrown [t:\workspace\open\src\hotspot\share\interpreter\linkResolver.cpp, line 790]
Event: 0.245 Thread 0x00000189b13f8a10 Exception <a 'java/lang/NoSuchMethodError'{0x00000007147d81a8}: 'int java.lang.invoke.DirectMethodHandle$Holder.invokeStatic(java.lang.Object)'> (0x00000007147d81a8) 
thrown [t:\workspace\open\src\hotspot\share\interpreter\linkResolver.cpp, line 790]

Events (20 events):
Event: 2.792 loading class java/awt/EventQueue$1AWTInvocationLock done
Event: 2.793 loading class javax/swing/Autoscroller
Event: 2.793 loading class javax/swing/Autoscroller done
Event: 2.793 loading class java/awt/LightweightDispatcher$2
Event: 2.793 loading class java/awt/LightweightDispatcher$2 done
Event: 2.794 loading class javax/swing/plaf/basic/BasicTextAreaUI
Event: 2.794 loading class javax/swing/plaf/basic/BasicTextAreaUI done
Event: 2.798 loading class javax/swing/text/AbstractDocument$ElementEdit
Event: 2.798 loading class javax/swing/text/AbstractDocument$ElementEdit done
Event: 2.810 loading class sun/font/SunFontManager$FamilyDescription
Event: 2.810 loading class sun/font/SunFontManager$FamilyDescription done
Event: 2.842 loading class sun/font/SunFontManager$4
Event: 2.842 loading class sun/font/SunFontManager$4 done
Event: 2.860 loading class sun/font/SunFontManager$9
Event: 2.860 loading class sun/font/SunFontManager$9 done
Event: 2.860 loading class sun/font/SunFontManager$10
Event: 2.860 loading class sun/font/SunFontManager$10 done
Event: 2.904 loading class jdk/internal/access/foreign/MemorySegmentProxy
Event: 2.904 loading class jdk/internal/access/foreign/MemorySegmentProxy done
Event: 2.945 Thread 0x00000189d55ab420 Thread added: 0x00000189d55ab420


Dynamic libraries:
0x00007ff77edd0000 - 0x00007ff77ede0000 	C:\Program Files\Java\jdk-16.0.2\bin\javaw.exe
0x00007ffb96230000 - 0x00007ffb96425000 	C:\Windows\SYSTEM32\ntdll.dll
0x00007ffb944b0000 - 0x00007ffb9456e000 	C:\Windows\System32\KERNEL32.DLL
0x00007ffb93b40000 - 0x00007ffb93e08000 	C:\Windows\System32\KERNELBASE.dll
0x00007ffb93e60000 - 0x00007ffb93f60000 	C:\Windows\System32\ucrtbase.dll
0x00007ffb88b80000 - 0x00007ffb88b99000 	C:\Program Files\Java\jdk-16.0.2\bin\VCRUNTIME140.dll
0x00007ffb87f00000 - 0x00007ffb87f18000 	C:\Program Files\Java\jdk-16.0.2\bin\jli.dll
0x00007ffb94fc0000 - 0x00007ffb9506c000 	C:\Windows\System32\ADVAPI32.dll
0x00007ffb95f20000 - 0x00007ffb95fbe000 	C:\Windows\System32\msvcrt.dll
0x00007ffb94df0000 - 0x00007ffb94e8b000 	C:\Windows\System32\sechost.dll
0x00007ffb94e90000 - 0x00007ffb94fba000 	C:\Windows\System32\RPCRT4.dll
0x00007ffb95fc0000 - 0x00007ffb96161000 	C:\Windows\System32\USER32.dll
0x00007ffb93950000 - 0x00007ffb93972000 	C:\Windows\System32\win32u.dll
0x00007ffb92d50000 - 0x00007ffb92fea000 	C:\Windows\WinSxS\amd64_microsoft.windows.common-controls_6595b64144ccf1df_6.0.19041.1110_none_60b5254171f9507e\COMCTL32.dll
0x00007ffb95ef0000 - 0x00007ffb95f1b000 	C:\Windows\System32\GDI32.dll
0x00007ffb94000000 - 0x00007ffb9410b000 	C:\Windows\System32\gdi32full.dll
0x00007ffb93f60000 - 0x00007ffb93ffd000 	C:\Windows\System32\msvcp_win.dll
0x00007ffb8d7b0000 - 0x00007ffb8d7ba000 	C:\Windows\SYSTEM32\VERSION.dll
0x00007ffb95920000 - 0x00007ffb95950000 	C:\Windows\System32\IMM32.DLL
0x00007ffb91970000 - 0x00007ffb9197c000 	C:\Program Files\Java\jdk-16.0.2\bin\vcruntime140_1.dll
0x00007ffb6d560000 - 0x00007ffb6d5f1000 	C:\Program Files\Java\jdk-16.0.2\bin\msvcp140.dll
0x00007ffb66800000 - 0x00007ffb673ab000 	C:\Program Files\Java\jdk-16.0.2\bin\server\jvm.dll
0x00007ffb946a0000 - 0x00007ffb946a8000 	C:\Windows\System32\PSAPI.DLL
0x00007ffb6a450000 - 0x00007ffb6a459000 	C:\Windows\SYSTEM32\WSOCK32.dll
0x00007ffb95280000 - 0x00007ffb952eb000 	C:\Windows\System32\WS2_32.dll
0x00007ffb88650000 - 0x00007ffb88677000 	C:\Windows\SYSTEM32\WINMM.dll
0x00007ffb913f0000 - 0x00007ffb91402000 	C:\Windows\SYSTEM32\kernel.appcore.dll
0x00007ffb918d0000 - 0x00007ffb918da000 	C:\Program Files\Java\jdk-16.0.2\bin\jimage.dll
0x00007ffb93370000 - 0x00007ffb93554000 	C:\Windows\SYSTEM32\DBGHELP.DLL
0x00007ffb932c0000 - 0x00007ffb932ec000 	C:\Windows\SYSTEM32\dbgcore.DLL
0x00007ffb941f0000 - 0x00007ffb94273000 	C:\Windows\System32\bcryptPrimitives.dll
0x00007ffb91410000 - 0x00007ffb91435000 	C:\Program Files\Java\jdk-16.0.2\bin\java.dll
0x00007ffb946b0000 - 0x00007ffb94def000 	C:\Windows\System32\SHELL32.dll
0x00007ffb8cf20000 - 0x00007ffb8d6b0000 	C:\Windows\SYSTEM32\windows.storage.dll
0x00007ffb955c0000 - 0x00007ffb95915000 	C:\Windows\System32\combase.dll
0x00007ffb92cb0000 - 0x00007ffb92cde000 	C:\Windows\SYSTEM32\Wldp.dll
0x00007ffb95e40000 - 0x00007ffb95eed000 	C:\Windows\System32\SHCORE.dll
0x00007ffb95de0000 - 0x00007ffb95e35000 	C:\Windows\System32\shlwapi.dll
0x00007ffb93890000 - 0x00007ffb938af000 	C:\Windows\SYSTEM32\profapi.dll
0x00007ffb66680000 - 0x00007ffb66800000 	C:\Program Files\Java\jdk-16.0.2\bin\awt.dll
0x00007ffb953d0000 - 0x00007ffb9549d000 	C:\Windows\System32\OLEAUT32.dll
0x00007ffb8c740000 - 0x00007ffb8c7d0000 	C:\Windows\SYSTEM32\apphelp.dll
0x00007ffb8c880000 - 0x00007ffb8c91e000 	C:\Windows\system32\uxtheme.dll
0x00007ffb94280000 - 0x00007ffb94395000 	C:\Windows\System32\MSCTF.dll
0x00007ffb94570000 - 0x00007ffb9469a000 	C:\Windows\System32\ole32.dll
0x00007ffb8ca10000 - 0x00007ffb8ca3f000 	C:\Windows\system32\DWMAPI.DLL
0x00007ffb6d4d0000 - 0x00007ffb6d559000 	C:\Program Files\Java\jdk-16.0.2\bin\freetype.dll
0x00007ffb695c0000 - 0x00007ffb696b6000 	C:\Program Files\Java\jdk-16.0.2\bin\harfbuzz.dll
0x00007ffb87b70000 - 0x00007ffb87b82000 	C:\Program Files\Java\jdk-16.0.2\bin\fontmanager.dll
0x00007ffb54f40000 - 0x00007ffb55065000 	C:\Windows\system32\opengl32.dll
0x00007ffb53d10000 - 0x00007ffb53d3c000 	C:\Windows\SYSTEM32\GLU32.dll
0x00007ffb91820000 - 0x00007ffb91839000 	C:\Program Files\Java\jdk-16.0.2\bin\net.dll
0x00007ffb89de0000 - 0x00007ffb89eec000 	C:\Windows\SYSTEM32\WINHTTP.dll
0x00007ffb92a90000 - 0x00007ffb92afa000 	C:\Windows\system32\mswsock.dll
0x00007ffb8adf0000 - 0x00007ffb8ae03000 	C:\Program Files\Java\jdk-16.0.2\bin\nio.dll
0x00007ffb943a0000 - 0x00007ffb94449000 	C:\Windows\System32\clbcatq.dll
0x00007ffb7b250000 - 0x00007ffb7b404000 	C:\Windows\SYSTEM32\WindowsCodecs.dll
0x00007ffb94110000 - 0x00007ffb94137000 	C:\Windows\System32\bcrypt.dll
0x00007ffb5f570000 - 0x00007ffb5f5ae000 	C:\Windows\system32\dataexchange.dll
0x00007ffb8bc30000 - 0x00007ffb8be15000 	C:\Windows\system32\dcomp.dll
0x00007ffb8b400000 - 0x00007ffb8b664000 	C:\Windows\system32\d3d11.dll
0x00007ffb91560000 - 0x00007ffb91654000 	C:\Windows\system32\dxgi.dll
0x00007ffb87220000 - 0x00007ffb87421000 	C:\Windows\system32\twinapi.appcore.dll
0x00007ffb73850000 - 0x00007ffb73949000 	C:\Windows\SYSTEM32\textinputframework.dll
0x00007ffb8c500000 - 0x00007ffb8c5f2000 	C:\Windows\System32\CoreMessaging.dll
0x00007ffb8be20000 - 0x00007ffb8c17e000 	C:\Windows\System32\CoreUIComponents.dll
0x00007ffb935b0000 - 0x00007ffb935e3000 	C:\Windows\SYSTEM32\ntmarta.dll
0x00007ffb8ae40000 - 0x00007ffb8af94000 	C:\Windows\SYSTEM32\wintypes.dll

dbghelp: loaded successfully - version: 4.0.5 - missing functions: none
symbol engine: initialized successfully - sym options: 0x614 - pdb path: .;C:\Program Files\Java\jdk-16.0.2\bin;C:\Windows\SYSTEM32;C:\Windows\WinSxS\amd64_microsoft.windows.common-controls_6595b64144ccf1df_6.0.19041.1110_none_60b5254171f9507e;C:\Program Files\Java\jdk-16.0.2\bin\server

VM Arguments:
jvm_args: -Dfile.encoding=Cp1252 -XX:+ShowCodeDetailsInExceptionMessages 
java_command: labo3.GestionCompagnie
java_class_path (initial): C:\Users\Admin\Desktop\AEC AHUNTSIC(mobile)\Programmation Orientée Object(poo)\workplace\labo3\bin
Launcher Type: SUN_STANDARD

[Global flags]
     intx CICompilerCount                          = 4                                         {product} {ergonomic}
     uint ConcGCThreads                            = 2                                         {product} {ergonomic}
     uint G1ConcRefinementThreads                  = 8                                         {product} {ergonomic}
   size_t G1HeapRegionSize                         = 2097152                                   {product} {ergonomic}
    uintx GCDrainStackTargetSize                   = 64                                        {product} {ergonomic}
   size_t InitialHeapSize                          = 264241152                                 {product} {ergonomic}
   size_t MarkStackSize                            = 4194304                                   {product} {ergonomic}
   size_t MaxHeapSize                              = 4211081216                                {product} {ergonomic}
   size_t MaxNewSize                               = 2524971008                                {product} {ergonomic}
   size_t MinHeapDeltaBytes                        = 2097152                                   {product} {ergonomic}
   size_t MinHeapSize                              = 8388608                                   {product} {ergonomic}
    uintx NonNMethodCodeHeapSize                   = 5839372                                {pd product} {ergonomic}
    uintx NonProfiledCodeHeapSize                  = 122909434                              {pd product} {ergonomic}
    uintx ProfiledCodeHeapSize                     = 122909434                              {pd product} {ergonomic}
    uintx ReservedCodeCacheSize                    = 251658240                              {pd product} {ergonomic}
     bool SegmentedCodeCache                       = true                                      {product} {ergonomic}
     bool ShowCodeDetailsInExceptionMessages       = true                                   {manageable} {command line}
   size_t SoftMaxHeapSize                          = 4211081216                             {manageable} {ergonomic}
     bool UseCompressedClassPointers               = true                           {product lp64_product} {ergonomic}
     bool UseCompressedOops                        = true                           {product lp64_product} {ergonomic}
     bool UseG1GC                                  = true                                      {product} {ergonomic}
     bool UseLargePagesIndividualAllocation        = false                                  {pd product} {ergonomic}

Logging:
Log output configuration:
 #0: stdout all=warning uptime,level,tags
 #1: stderr all=off uptime,level,tags

Environment Variables:
PATH=C:/Program Files/Java/jdk-16.0.2/bin/server;C:/Program Files/Java/jdk-16.0.2/bin;C:\Program Files\Common Files\Oracle\Java\javapath;C:\Windows\system32;C:\Windows;C:\Windows\System32\Wbem;C:\Windows\System32\WindowsPowerShell\v1.0\;C:\Windows\System32\OpenSSH\;C:\Program Files (x86)\NVIDIA Corporation\PhysX\Common;C:\Program Files\NVIDIA Corporation\NVIDIA NvDLISR;C:\Program Files (x86)\Common Files\Acronis\SnapAPI\;C:\Program Files (x86)\Common Files\Acronis\VirtualFile\;C:\Program Files (x86)\Common Files\Acronis\VirtualFile64\;C:\Program Files (x86)\Common Files\Acronis\FileProtector\;C:\Program Files (x86)\Common Files\Acronis\FileProtector64\;C:\Program Files\Java\jdk-16.0.2\bin;C:\Users\Admin\AppData\Local\Microsoft\WindowsApps;;C:\Users\Admin\AppData\Local\Programs\Microsoft VS Code\bin;C:\Users\Admin\Desktop;
USERNAME=Admin
OS=Windows_NT
PROCESSOR_IDENTIFIER=Intel64 Family 6 Model 140 Stepping 1, GenuineIntel



---------------  S Y S T E M  ---------------

OS:
 Windows 10 , 64 bit Build 19041 (10.0.19041.1348)
OS uptime: 0 days 12:10 hours

CPU: total 8 (initial active 8) (4 cores per cpu, 2 threads per core) family 6 model 140 stepping 1 microcode 0x86, cx8, cmov, fxsr, ht, mmx, 3dnowpref, sse, sse2, sse3, ssse3, sse4.1, sse4.2, popcnt, lzcnt, tsc, tscinvbit, avx, avx2, aes, erms, clmul, bmi1, bmi2, adx, avx512f, avx512dq, avx512cd, avx512bw, avx512vl, sha, fma, vzeroupper, avx512_vpopcntdq, avx512_vpclmulqdq, avx512_vaes, avx512_vnni, clflush, clflushopt, clwb, avx512_vmbi2, avx512_vmbi

Memory: 4k page, system-wide physical 16061M (5871M free)
TotalPageFile size 65213M (AvailPageFile size 0M)
current process WorkingSet (physical memory assigned to process): 74M, peak: 74M
current process commit charge ("private bytes"): 357M, peak: 357M

vm_info: Java HotSpot(TM) 64-Bit Server VM (16.0.2+7-67) for windows-amd64 JRE (16.0.2+7-67), built on Jun  8 2021 23:24:19 by "mach5one" with MS VC++ 16.7 (VS2019)

END.
